<?xml version="1.0" encoding="UTF-8"?>
<coverage generated="1726751373433" clover="3.2.0">
  <project timestamp="1726751373433" name="All files">
    <metrics statements="3" coveredstatements="1" conditionals="0" coveredconditionals="0" methods="2" coveredmethods="0" elements="5" coveredelements="1" complexity="0" loc="3" ncloc="3" packages="1" files="1" classes="1"/>
    <file name="sum.js" path="C:\Users\NOVEI0047-LH\Downloads\Github Actions (1)\Github Actions\correction\Exercice 7\sum.js">
      <metrics statements="3" coveredstatements="1" conditionals="0" coveredconditionals="0" methods="2" coveredmethods="0"/>
      <line num="2" count="0" type="stmt"/>
      <line num="6" count="0" type="stmt"/>
      <line num="9" count="1" type="stmt"/>
    </file>
  </project>
</coverage>
